<?xml version="1.0" encoding="UTF-8"?>
<!-- Generated by org.testng.reporters.JUnitReportReporter -->
<testsuite skipped="0" hostname="kartikey" name="Scenario2_BrokenLinks" tests="2" failures="0" timestamp="06 Dec 2020 19:45:06 GMT" time="146.571" errors="0">
  <testcase name="assertPagetitle" time="0.085" classname="Scenario2_BrokenLinks"/>
  <testcase name="extractHyperlink" time="146.486" classname="Scenario2_BrokenLinks"/>
</testsuite> <!-- Scenario2_BrokenLinks -->
